Flutter crash report.
Please report a bug at https://github.com/flutter/flutter/issues.

## command

flutter run --

## exception

StateError: Bad state: No element

```
#0      Stream.first.<anonymous closure> (dart:async/stream.dart:1282:9)
#1      _rootRun (dart:async/zone.dart:1420:47)
#2      _CustomZone.run (dart:async/zone.dart:1328:19)
#3      _CustomZone.runGuarded (dart:async/zone.dart:1236:7)
#4      _BufferingStreamSubscription._sendDone.sendDone (dart:async/stream_impl.dart:394:13)
#5      _BufferingStreamSubscription._sendDone (dart:async/stream_impl.dart:404:7)
#6      _BufferingStreamSubscription._close (dart:async/stream_impl.dart:291:7)
#7      _SyncBroadcastStreamController._sendDone.<anonymous closure> (dart:async/broadcast_stream_controller.dart:400:22)
#8      _BroadcastStreamController._forEachListener (dart:async/broadcast_stream_controller.dart:323:15)
#9      _SyncBroadcastStreamController._sendDone (dart:async/broadcast_stream_controller.dart:399:7)
#10     _BroadcastStreamController.close (dart:async/broadcast_stream_controller.dart:269:5)
#11     _AsBroadcastStreamController.close (dart:async/broadcast_stream_controller.dart:505:27)
#12     _rootRun (dart:async/zone.dart:1420:47)
#13     _CustomZone.run (dart:async/zone.dart:1328:19)
#14     _CustomZone.runGuarded (dart:async/zone.dart:1236:7)
#15     _BufferingStreamSubscription._sendDone.sendDone (dart:async/stream_impl.dart:394:13)
#16     _BufferingStreamSubscription._sendDone (dart:async/stream_impl.dart:404:7)
#17     _BufferingStreamSubscription._close (dart:async/stream_impl.dart:291:7)
#18     _SinkTransformerStreamSubscription._close (dart:async/stream_transformers.dart:87:11)
#19     _EventSinkWrapper.close (dart:async/stream_transformers.dart:21:11)
#20     _StringAdapterSink.close (dart:convert/string_conversion.dart:251:11)
#21     _Utf8ConversionSink.close (dart:convert/string_conversion.dart:305:20)
#22     _ErrorHandlingAsciiDecoderSink.close (dart:convert/ascii.dart:230:15)
#23     _ConverterStreamEventSink.close (dart:convert/chunked_conversion.dart:81:18)
#24     _SinkTransformerStreamSubscription._handleDone (dart:async/stream_transformers.dart:132:24)
#25     _rootRun (dart:async/zone.dart:1420:47)
#26     _CustomZone.run (dart:async/zone.dart:1328:19)
#27     _CustomZone.runGuarded (dart:async/zone.dart:1236:7)
#28     _BufferingStreamSubscription._sendDone.sendDone (dart:async/stream_impl.dart:394:13)
#29     _BufferingStreamSubscription._sendDone (dart:async/stream_impl.dart:404:7)
#30     _BufferingStreamSubscription._close (dart:async/stream_impl.dart:291:7)
#31     _SyncStreamControllerDispatch._sendDone (dart:async/stream_controller.dart:741:19)
#32     _StreamController._closeUnchecked (dart:async/stream_controller.dart:596:7)
#33     _StreamController.close (dart:async/stream_controller.dart:589:5)
#34     _Socket._onData (dart:io-patch/socket_patch.dart:2309:21)
#35     _rootRunUnary (dart:async/zone.dart:1444:13)
#36     _CustomZone.runUnary (dart:async/zone.dart:1335:19)
#37     _CustomZone.runUnaryGuarded (dart:async/zone.dart:1244:7)
#38     _BufferingStreamSubscription._sendData (dart:async/stream_impl.dart:341:11)
#39     _BufferingStreamSubscription._add (dart:async/stream_impl.dart:271:7)
#40     _SyncStreamControllerDispatch._sendData (dart:async/stream_controller.dart:733:19)
#41     _StreamController._add (dart:async/stream_controller.dart:607:7)
#42     _StreamController.add (dart:async/stream_controller.dart:554:5)
#43     new _RawSocket.<anonymous closure> (dart:io-patch/socket_patch.dart:1837:35)
#44     _NativeSocket.issueReadEvent.issue (dart:io-patch/socket_patch.dart:1307:18)
#45     _microtaskLoop (dart:async/schedule_microtask.dart:40:21)
#46     _startMicrotaskLoop (dart:async/schedule_microtask.dart:49:5)
#47     _runPendingImmediateCallback (dart:isolate-patch/isolate_patch.dart:122:13)
#48     _RawReceivePortImpl._handleMessage (dart:isolate-patch/isolate_patch.dart:193:5)
```

## flutter doctor

```
[✓] Flutter (Channel stable, 2.8.1, on Microsoft Windows [Version 10.0.19042.1466], locale ar-PS)
    • Flutter version 2.8.1 at C:\src\flutter
    • Upstream repository https://github.com/flutter/flutter.git
    • Framework revision 77d935af4d (7 weeks ago), 2021-12-16 08:37:33 -0800
    • Engine revision 890a5fca2e
    • Dart version 2.15.1

[✗] Android toolchain - develop for Android devices
    • Android SDK at C:\andriod\cmdline-tools\tools
    ✗ cmdline-tools component is missing
      Run `path/to/sdkmanager --install "cmdline-tools;latest"`
      See https://developer.android.com/studio/command-line for more details.

[✓] Chrome - develop for the web
    • Chrome at C:\Program Files\Google\Chrome\Application\chrome.exe

[✓] Visual Studio - develop for Windows (Visual Studio Professional 2019 16.11.9)
    • Visual Studio at C:\Program Files (x86)\Microsoft Visual Studio\2019\Professional
    • Visual Studio Professional 2019 version 16.11.32106.194
    • Windows 10 SDK version 10.0.19041.0

[!] Android Studio (not installed)
    • Android Studio not found; download from https://developer.android.com/studio/index.html
      (or visit https://flutter.dev/docs/get-started/install/windows#android-setup for detailed instructions).

[✓] VS Code (version 1.63.2)
    • VS Code at C:\Users\Yasmeen\AppData\Local\Programs\Microsoft VS Code
    • Flutter extension version 3.32.0

[✓] Connected device (3 available)
    • Windows (desktop) • windows • windows-x64    • Microsoft Windows [Version 10.0.19042.1466]
    • Chrome (web)      • chrome  • web-javascript • Google Chrome 97.0.4692.99
    • Edge (web)        • edge    • web-javascript • Microsoft Edge 97.0.1072.76

! Doctor found issues in 2 categories.
```
